# Logfile created on Sun Nov 02 19:48:13 -0800 2008

Processing ApplicationController#home (for 192.168.2.2 at 2008-11-02 19:48:22) [GET]
  Session ID: BAh7BiIKZmxhc2hJQzonQWN0aW9uQ29udHJvbGxlcjo6Rmxhc2g6OkZsYXNo
SGFzaHsABjoKQHVzZWR7AA==--5c23531f6b413e6c03db2663dda9ba498c30d9f9
  Parameters: {"action"=>"home", "controller"=>"application"}
DEPRECATION WARNING: You're using the Ruby-based MySQL library that ships with Rails. This library will be REMOVED FROM RAILS 2.2. Please switch to the offical mysql gem: `gem install mysql`  See http://www.rubyonrails.org/deprecation for details. (called from mysql_connection at /usr/local/lib/ruby/gems/1.8/gems/activerecord-2.1.1/lib/active_record/connection_adapters/mysql_adapter.rb:81)
  [4;36;1mSQL (0.000489)[0m   [0;1mSET SQL_AUTO_IS_NULL=0[0m
  [4;35;1mPost Load (0.017785)[0m   [0mSELECT * FROM `posts` ORDER BY created_at DESC LIMIT 1[0m
Rendering template within layouts/application
Rendering application/home
  [4;36;1mPost Columns (0.003393)[0m   [0;1mSHOW FIELDS FROM `posts`[0m
Rendered layouts/_navigation (0.00081)
Rendered layouts/_application (0.00843)
Completed in 0.06395 (15 reqs/sec) | Rendering: 0.02720 (42%) | DB: 0.02167 (33%) | 200 OK [http://192.168.2.4/]


Processing ApplicationController#home (for 192.168.2.2 at 2008-11-02 19:56:57) [GET]
  Session ID: BAh7BiIKZmxhc2hJQzonQWN0aW9uQ29udHJvbGxlcjo6Rmxhc2g6OkZsYXNo
SGFzaHsABjoKQHVzZWR7AA==--5c23531f6b413e6c03db2663dda9ba498c30d9f9
  Parameters: {"action"=>"home", "controller"=>"application"}
DEPRECATION WARNING: You're using the Ruby-based MySQL library that ships with Rails. This library will be REMOVED FROM RAILS 2.2. Please switch to the offical mysql gem: `gem install mysql`  See http://www.rubyonrails.org/deprecation for details. (called from mysql_connection at /usr/local/lib/ruby/gems/1.8/gems/activerecord-2.1.1/lib/active_record/connection_adapters/mysql_adapter.rb:81)
  [4;36;1mSQL (0.000501)[0m   [0;1mSET SQL_AUTO_IS_NULL=0[0m
  [4;35;1mPost Load (0.001856)[0m   [0mSELECT * FROM `posts` ORDER BY created_at DESC LIMIT 1[0m
Rendering template within layouts/application
Rendering application/home
  [4;36;1mPost Columns (0.003345)[0m   [0;1mSHOW FIELDS FROM `posts`[0m
Rendered layouts/_navigation (0.00077)
Rendered layouts/_application (0.00836)
Completed in 0.04765 (20 reqs/sec) | Rendering: 0.02677 (56%) | DB: 0.00570 (11%) | 200 OK [http://192.168.2.4/]
