  [4;36;1mSQL (0.079000)[0m   [0;1mCREATE TABLE schema_info (version integer)[0m
  [4;35;1mSQL (0.093000)[0m   [0mINSERT INTO schema_info (version) VALUES(0)[0m
  [4;36;1mSQL (0.000000)[0m   [0;1mSQLite3::SQLException: table schema_info already exists: CREATE TABLE schema_info (version integer)[0m
  [4;35;1mSQL (0.000000)[0m   [0mSELECT * FROM schema_info[0m
  [4;36;1mSQL (0.000000)[0m   [0;1mSELECT name FROM sqlite_master WHERE type = 'table'[0m
  [4;36;1mSQL (0.000000)[0m   [0;1mSQLite3::SQLException: table schema_info already exists: CREATE TABLE schema_info (version integer)[0m
  [4;35;1mSQL (0.000000)[0m   [0mSQLite3::SQLException: table schema_info already exists: CREATE TABLE schema_info (version integer)[0m
  [4;36;1mSQL (0.000000)[0m   [0;1mSELECT version FROM schema_info[0m
Migrating to CreateClients (1)
  [4;35;1mSQL (0.110000)[0m   [0mCREATE TABLE clients ("id" INTEGER PRIMARY KEY NOT NULL, "first_name" varchar(255) DEFAULT NULL, "last_name" varchar(255) DEFAULT NULL, "company_id" integer DEFAULT NULL) [0m
  [4;36;1mSQL (0.093000)[0m   [0;1mUPDATE schema_info SET version = 1[0m
  [4;35;1mSQL (0.000000)[0m   [0mSELECT version FROM schema_info[0m
Migrating to CreateCompanies (2)
  [4;36;1mSQL (0.094000)[0m   [0;1mCREATE TABLE companies ("id" INTEGER PRIMARY KEY NOT NULL, "name" varchar(255) DEFAULT NULL) [0m
  [4;35;1mSQL (0.078000)[0m   [0mUPDATE schema_info SET version = 2[0m
  [4;36;1mSQL (0.000000)[0m   [0;1mSELECT version FROM schema_info[0m
Migrating to CreateProjects (3)
  [4;35;1mSQL (0.094000)[0m   [0mCREATE TABLE projects ("id" INTEGER PRIMARY KEY NOT NULL, "name" varchar(255) DEFAULT NULL, "company_id" integer DEFAULT NULL) [0m
  [4;36;1mSQL (0.078000)[0m   [0;1mUPDATE schema_info SET version = 3[0m
  [4;35;1mSQL (0.000000)[0m   [0mSELECT version FROM schema_info[0m
Migrating to CreateInvoices (4)
  [4;36;1mSQL (0.109000)[0m   [0;1mCREATE TABLE invoices ("id" INTEGER PRIMARY KEY NOT NULL, "date" datetime DEFAULT NULL, "project_id" integer DEFAULT NULL) [0m
  [4;35;1mSQL (0.094000)[0m   [0mUPDATE schema_info SET version = 4[0m
  [4;36;1mSQL (0.000000)[0m   [0;1mSELECT version FROM schema_info[0m
Migrating to CreateCharges (5)
  [4;35;1mSQL (0.125000)[0m   [0mCREATE TABLE charges ("id" INTEGER PRIMARY KEY NOT NULL) [0m
  [4;36;1mSQL (0.094000)[0m   [0;1mUPDATE schema_info SET version = 5[0m
  [4;35;1mSQL (0.000000)[0m   [0mSELECT * FROM schema_info[0m
  [4;36;1mSQL (0.000000)[0m   [0;1mSELECT name FROM sqlite_master WHERE type = 'table'[0m
  [4;35;1mSQL (0.000000)[0m   [0mPRAGMA index_list(charges)[0m
  [4;36;1mSQL (0.000000)[0m   [0;1mPRAGMA index_list(clients)[0m
  [4;35;1mSQL (0.000000)[0m   [0mPRAGMA index_list(companies)[0m
  [4;36;1mSQL (0.000000)[0m   [0;1mPRAGMA index_list(invoices)[0m
  [4;35;1mSQL (0.000000)[0m   [0mPRAGMA index_list(projects)[0m


Processing ApplicationController#index (for 127.0.0.1 at 2007-10-14 22:28:34) [GET]
  Session ID: f87f91940faf271221b0565542958b60
  Parameters: {"action"=>"index", "controller"=>"project_controller"}


NameError (uninitialized constant ProjectControllerController):
    D:/ruby/lib/ruby/gems/1.8/gems/activesupport-1.4.4/lib/active_support/dependencies.rb:266:in `load_missing_constant'
    D:/ruby/lib/ruby/gems/1.8/gems/activesupport-1.4.4/lib/active_support/dependencies.rb:452:in `const_missing'
    D:/ruby/lib/ruby/gems/1.8/gems/activesupport-1.4.4/lib/active_support/dependencies.rb:464:in `const_missing'
    D:/ruby/lib/ruby/gems/1.8/gems/activesupport-1.4.4/lib/active_support/inflector.rb:250:in `constantize'
    D:/ruby/lib/ruby/gems/1.8/gems/activesupport-1.4.4/lib/active_support/core_ext/string/inflections.rb:148:in `constantize'
    D:/ruby/lib/ruby/gems/1.8/gems/actionpack-1.13.5/lib/action_controller/routing.rb:1317:in `recognize'
    D:/ruby/lib/ruby/gems/1.8/gems/rails-1.2.5/lib/dispatcher.rb:40:in `dispatch'
    D:/ruby/lib/ruby/gems/1.8/gems/mongrel-1.0.1-mswin32/lib/mongrel/rails.rb:78:in `process'
    D:/ruby/lib/ruby/gems/1.8/gems/mongrel-1.0.1-mswin32/lib/mongrel/rails.rb:76:in `synchronize'
    D:/ruby/lib/ruby/gems/1.8/gems/mongrel-1.0.1-mswin32/lib/mongrel/rails.rb:76:in `process'
    D:/ruby/lib/ruby/gems/1.8/gems/mongrel-1.0.1-mswin32/lib/mongrel.rb:618:in `process_client'
    D:/ruby/lib/ruby/gems/1.8/gems/mongrel-1.0.1-mswin32/lib/mongrel.rb:617:in `each'
    D:/ruby/lib/ruby/gems/1.8/gems/mongrel-1.0.1-mswin32/lib/mongrel.rb:617:in `process_client'
    D:/ruby/lib/ruby/gems/1.8/gems/mongrel-1.0.1-mswin32/lib/mongrel.rb:736:in `run'
    D:/ruby/lib/ruby/gems/1.8/gems/mongrel-1.0.1-mswin32/lib/mongrel.rb:736:in `initialize'
    D:/ruby/lib/ruby/gems/1.8/gems/mongrel-1.0.1-mswin32/lib/mongrel.rb:736:in `new'
    D:/ruby/lib/ruby/gems/1.8/gems/mongrel-1.0.1-mswin32/lib/mongrel.rb:736:in `run'
    D:/ruby/lib/ruby/gems/1.8/gems/mongrel-1.0.1-mswin32/lib/mongrel.rb:720:in `initialize'
    D:/ruby/lib/ruby/gems/1.8/gems/mongrel-1.0.1-mswin32/lib/mongrel.rb:720:in `new'
    D:/ruby/lib/ruby/gems/1.8/gems/mongrel-1.0.1-mswin32/lib/mongrel.rb:720:in `run'
    D:/ruby/lib/ruby/gems/1.8/gems/mongrel-1.0.1-mswin32/lib/mongrel/configurator.rb:271:in `run'
    D:/ruby/lib/ruby/gems/1.8/gems/mongrel-1.0.1-mswin32/lib/mongrel/configurator.rb:270:in `each'
    D:/ruby/lib/ruby/gems/1.8/gems/mongrel-1.0.1-mswin32/lib/mongrel/configurator.rb:270:in `run'
    D:/ruby/lib/ruby/gems/1.8/gems/mongrel-1.0.1-mswin32/bin/mongrel_rails:127:in `run'
    D:/ruby/lib/ruby/gems/1.8/gems/mongrel-1.0.1-mswin32/lib/mongrel/command.rb:211:in `run'
    D:/ruby/lib/ruby/gems/1.8/gems/mongrel-1.0.1-mswin32/bin/mongrel_rails:243
    D:/ruby/bin/mongrel_rails:16:in `load'
    D:/ruby/bin/mongrel_rails:16


Rendering D:/ruby/lib/ruby/gems/1.8/gems/actionpack-1.13.5/lib/action_controller/templates/rescues/layout.rhtml (500 Internal Error)


Processing ProjectController#index (for 127.0.0.1 at 2007-10-14 22:29:01) [GET]
  Session ID: f87f91940faf271221b0565542958b60
  Parameters: {"action"=>"index", "controller"=>"project"}
DEPRECATION WARNING: paginate is deprecated and will be removed from Rails 2.0 (Pagination is moving to a plugin in Rails 2.0: script/plugin install svn://errtheblog.com/svn/plugins/classic_pagination)  See http://www.rubyonrails.org/deprecation for details. (called from list at C:/Inetpub/wwwroot/adam_billing/app/controllers/project_controller.rb:12)
  [4;36;1mSQL (0.000000)[0m   [0;1mSELECT count(*) AS count_all FROM projects [0m
  [4;35;1mProject Load (0.000000)[0m   [0mSELECT * FROM projects LIMIT 10 OFFSET 0[0m
Rendering layoutfalseactionlist within layouts/project
Rendering project/list
Completed in 0.53100 (1 reqs/sec) | Rendering: 0.20300 (38%) | DB: 0.00000 (0%) | 200 OK [http://localhost/]


Processing ProjectController#new (for 127.0.0.1 at 2007-10-14 22:29:10) [GET]
  Session ID: f87f91940faf271221b0565542958b60
  Parameters: {"action"=>"new", "controller"=>"project"}
Rendering  within layouts/project
Rendering project/new
Rendered project/_form (0.00000)
Completed in 0.04700 (21 reqs/sec) | Rendering: 0.01600 (34%) | DB: 0.00000 (0%) | 200 OK [http://localhost/project/new]


Processing ProjectController#create (for 127.0.0.1 at 2007-10-14 22:29:15) [POST]
  Session ID: f87f91940faf271221b0565542958b60
  Parameters: {"commit"=>"Create", "project"=>{"name"=>"Dynamic Investigations"}, "action"=>"create", "controller"=>"project"}
  [4;36;1mSQL (0.000000)[0m   [0;1mINSERT INTO projects ("name", "company_id") VALUES('Dynamic Investigations', NULL)[0m
Redirected to http://localhost:3000/project/list
Completed in 0.17200 (5 reqs/sec) | DB: 0.00000 (0%) | 302 Found [http://localhost/project/create]


Processing ProjectController#list (for 127.0.0.1 at 2007-10-14 22:29:15) [GET]
  Session ID: f87f91940faf271221b0565542958b60
  Parameters: {"action"=>"list", "controller"=>"project"}
DEPRECATION WARNING: paginate is deprecated and will be removed from Rails 2.0 (Pagination is moving to a plugin in Rails 2.0: script/plugin install svn://errtheblog.com/svn/plugins/classic_pagination)  See http://www.rubyonrails.org/deprecation for details. (called from list at C:/Inetpub/wwwroot/adam_billing/app/controllers/project_controller.rb:12)
  [4;35;1mSQL (0.000000)[0m   [0mSELECT count(*) AS count_all FROM projects [0m
  [4;36;1mProject Load (0.000000)[0m   [0;1mSELECT * FROM projects LIMIT 10 OFFSET 0[0m
Rendering  within layouts/project
Rendering project/list
Completed in 0.04700 (21 reqs/sec) | Rendering: 0.00000 (0%) | DB: 0.00000 (0%) | 200 OK [http://localhost/project/list]


Processing ProjectController#edit (for 127.0.0.1 at 2007-10-14 22:29:18) [GET]
  Session ID: f87f91940faf271221b0565542958b60
  Parameters: {"action"=>"edit", "id"=>"1", "controller"=>"project"}
  [4;35;1mProject Load (0.000000)[0m   [0mSELECT * FROM projects WHERE (projects."id" = 1) [0m
Rendering  within layouts/project
Rendering project/edit
Rendered project/_form (0.00000)
Completed in 0.04700 (21 reqs/sec) | Rendering: 0.01600 (34%) | DB: 0.00000 (0%) | 200 OK [http://localhost/project/edit/1]


Processing ProjectController#edit (for 127.0.0.1 at 2007-10-14 22:29:27) [GET]
  Session ID: f87f91940faf271221b0565542958b60
  Parameters: {"action"=>"edit", "id"=>"1", "controller"=>"project"}
  [4;36;1mProject Load (0.000000)[0m   [0;1mSELECT * FROM projects WHERE (projects."id" = 1) [0m
Rendering  within layouts/project
Rendering project/edit
Rendered project/_form (0.00000)
Completed in 0.26600 (3 reqs/sec) | Rendering: 0.06300 (23%) | DB: 0.00000 (0%) | 200 OK [http://localhost/project/edit/1]


Processing CompanyController#index (for 127.0.0.1 at 2007-10-14 22:38:05) [GET]
  Session ID: f87f91940faf271221b0565542958b60
  Parameters: {"action"=>"index", "controller"=>"company"}


ActionController::UnknownAction (No action responded to index):
    D:/ruby/lib/ruby/gems/1.8/gems/actionpack-1.13.5/lib/action_controller/filters.rb:696:in `call_filters'
    D:/ruby/lib/ruby/gems/1.8/gems/actionpack-1.13.5/lib/action_controller/filters.rb:688:in `perform_action_without_benchmark'
    D:/ruby/lib/ruby/gems/1.8/gems/actionpack-1.13.5/lib/action_controller/benchmarking.rb:66:in `perform_action_without_rescue'
    D:/ruby/lib/ruby/1.8/benchmark.rb:293:in `measure'
    D:/ruby/lib/ruby/gems/1.8/gems/actionpack-1.13.5/lib/action_controller/benchmarking.rb:66:in `perform_action_without_rescue'
    D:/ruby/lib/ruby/gems/1.8/gems/actionpack-1.13.5/lib/action_controller/rescue.rb:83:in `perform_action'
    D:/ruby/lib/ruby/gems/1.8/gems/actionpack-1.13.5/lib/action_controller/base.rb:435:in `send'
    D:/ruby/lib/ruby/gems/1.8/gems/actionpack-1.13.5/lib/action_controller/base.rb:435:in `process_without_filters'
    D:/ruby/lib/ruby/gems/1.8/gems/actionpack-1.13.5/lib/action_controller/filters.rb:684:in `process_without_session_management_support'
    D:/ruby/lib/ruby/gems/1.8/gems/actionpack-1.13.5/lib/action_controller/session_management.rb:114:in `process'
    D:/ruby/lib/ruby/gems/1.8/gems/actionpack-1.13.5/lib/action_controller/base.rb:334:in `process'
    D:/ruby/lib/ruby/gems/1.8/gems/rails-1.2.5/lib/dispatcher.rb:41:in `dispatch'
    D:/ruby/lib/ruby/gems/1.8/gems/mongrel-1.0.1-mswin32/lib/mongrel/rails.rb:78:in `process'
    D:/ruby/lib/ruby/gems/1.8/gems/mongrel-1.0.1-mswin32/lib/mongrel/rails.rb:76:in `synchronize'
    D:/ruby/lib/ruby/gems/1.8/gems/mongrel-1.0.1-mswin32/lib/mongrel/rails.rb:76:in `process'
    D:/ruby/lib/ruby/gems/1.8/gems/mongrel-1.0.1-mswin32/lib/mongrel.rb:618:in `process_client'
    D:/ruby/lib/ruby/gems/1.8/gems/mongrel-1.0.1-mswin32/lib/mongrel.rb:617:in `each'
    D:/ruby/lib/ruby/gems/1.8/gems/mongrel-1.0.1-mswin32/lib/mongrel.rb:617:in `process_client'
    D:/ruby/lib/ruby/gems/1.8/gems/mongrel-1.0.1-mswin32/lib/mongrel.rb:736:in `run'
    D:/ruby/lib/ruby/gems/1.8/gems/mongrel-1.0.1-mswin32/lib/mongrel.rb:736:in `initialize'
    D:/ruby/lib/ruby/gems/1.8/gems/mongrel-1.0.1-mswin32/lib/mongrel.rb:736:in `new'
    D:/ruby/lib/ruby/gems/1.8/gems/mongrel-1.0.1-mswin32/lib/mongrel.rb:736:in `run'
    D:/ruby/lib/ruby/gems/1.8/gems/mongrel-1.0.1-mswin32/lib/mongrel.rb:720:in `initialize'
    D:/ruby/lib/ruby/gems/1.8/gems/mongrel-1.0.1-mswin32/lib/mongrel.rb:720:in `new'
    D:/ruby/lib/ruby/gems/1.8/gems/mongrel-1.0.1-mswin32/lib/mongrel.rb:720:in `run'
    D:/ruby/lib/ruby/gems/1.8/gems/mongrel-1.0.1-mswin32/lib/mongrel/configurator.rb:271:in `run'
    D:/ruby/lib/ruby/gems/1.8/gems/mongrel-1.0.1-mswin32/lib/mongrel/configurator.rb:270:in `each'
    D:/ruby/lib/ruby/gems/1.8/gems/mongrel-1.0.1-mswin32/lib/mongrel/configurator.rb:270:in `run'
    D:/ruby/lib/ruby/gems/1.8/gems/mongrel-1.0.1-mswin32/bin/mongrel_rails:127:in `run'
    D:/ruby/lib/ruby/gems/1.8/gems/mongrel-1.0.1-mswin32/lib/mongrel/command.rb:211:in `run'
    D:/ruby/lib/ruby/gems/1.8/gems/mongrel-1.0.1-mswin32/bin/mongrel_rails:243
    D:/ruby/bin/mongrel_rails:16:in `load'
    D:/ruby/bin/mongrel_rails:16


Rendering D:/ruby/lib/ruby/gems/1.8/gems/actionpack-1.13.5/lib/action_controller/templates/rescues/layout.rhtml (404 Page Not Found)


Processing CompanyController#index (for 127.0.0.1 at 2007-10-14 22:38:27) [GET]
  Session ID: f87f91940faf271221b0565542958b60
  Parameters: {"action"=>"index", "controller"=>"company"}
DEPRECATION WARNING: paginate is deprecated and will be removed from Rails 2.0 (Pagination is moving to a plugin in Rails 2.0: script/plugin install svn://errtheblog.com/svn/plugins/classic_pagination)  See http://www.rubyonrails.org/deprecation for details. (called from list at C:/Inetpub/wwwroot/adam_billing/app/controllers/company_controller.rb:12)
  [4;35;1mSQL (0.000000)[0m   [0mSELECT count(*) AS count_all FROM companies [0m
  [4;36;1mCompany Load (0.000000)[0m   [0;1mSELECT * FROM companies LIMIT 10 OFFSET 0[0m
Rendering layoutfalseactionlist within layouts/company
Rendering company/list
Completed in 0.10900 (9 reqs/sec) | Rendering: 0.03100 (28%) | DB: 0.00000 (0%) | 200 OK [http://localhost/]


Processing CompanyController#new (for 127.0.0.1 at 2007-10-14 22:38:30) [GET]
  Session ID: f87f91940faf271221b0565542958b60
  Parameters: {"action"=>"new", "controller"=>"company"}
Rendering  within layouts/company
Rendering company/new
Rendered company/_form (0.00000)
Completed in 0.06300 (15 reqs/sec) | Rendering: 0.01600 (25%) | DB: 0.00000 (0%) | 200 OK [http://localhost/company/new]


Processing CompanyController#create (for 127.0.0.1 at 2007-10-14 22:38:34) [POST]
  Session ID: f87f91940faf271221b0565542958b60
  Parameters: {"company"=>{"name"=>"Dynamic Investigations"}, "commit"=>"Create", "action"=>"create", "controller"=>"company"}
  [4;35;1mSQL (0.000000)[0m   [0mINSERT INTO companies ("name") VALUES('Dynamic Investigations')[0m
Redirected to http://localhost:3000/company/list
Completed in 0.14100 (7 reqs/sec) | DB: 0.00000 (0%) | 302 Found [http://localhost/company/create]


Processing CompanyController#list (for 127.0.0.1 at 2007-10-14 22:38:36) [GET]
  Session ID: f87f91940faf271221b0565542958b60
  Parameters: {"action"=>"list", "controller"=>"company"}
DEPRECATION WARNING: paginate is deprecated and will be removed from Rails 2.0 (Pagination is moving to a plugin in Rails 2.0: script/plugin install svn://errtheblog.com/svn/plugins/classic_pagination)  See http://www.rubyonrails.org/deprecation for details. (called from list at C:/Inetpub/wwwroot/adam_billing/app/controllers/company_controller.rb:12)
  [4;36;1mSQL (0.000000)[0m   [0;1mSELECT count(*) AS count_all FROM companies [0m
  [4;35;1mCompany Load (0.000000)[0m   [0mSELECT * FROM companies LIMIT 10 OFFSET 0[0m
Rendering  within layouts/company
Rendering company/list
Completed in 0.07800 (12 reqs/sec) | Rendering: 0.00000 (0%) | DB: 0.00000 (0%) | 200 OK [http://localhost/company/list]


Processing CompanyController#edit (for 127.0.0.1 at 2007-10-14 22:38:38) [GET]
  Session ID: f87f91940faf271221b0565542958b60
  Parameters: {"action"=>"edit", "id"=>"1", "controller"=>"company"}
  [4;36;1mCompany Load (0.016000)[0m   [0;1mSELECT * FROM companies WHERE (companies."id" = 1) [0m
Rendering  within layouts/company
Rendering company/edit
Rendered company/_form (0.00000)
Completed in 0.06200 (16 reqs/sec) | Rendering: 0.00000 (0%) | DB: 0.01600 (25%) | 200 OK [http://localhost/company/edit/1]


Processing ApplicationController#index (for 127.0.0.1 at 2007-10-14 22:45:46) [GET]
  Session ID: f87f91940faf271221b0565542958b60
  Parameters: {"action"=>"index", "controller"=>"crud"}


NameError (undefined local variable or method `scaffold_all_models' for CompanyController:Class):
    C:/Inetpub/wwwroot/adam_billing/app/controllers/crud_controller.rb:2
    D:/ruby/lib/ruby/gems/1.8/gems/activesupport-1.4.4/lib/active_support/dependencies.rb:203:in `load_without_new_constant_marking'
    D:/ruby/lib/ruby/gems/1.8/gems/activesupport-1.4.4/lib/active_support/dependencies.rb:203:in `load_file'
    D:/ruby/lib/ruby/gems/1.8/gems/activesupport-1.4.4/lib/active_support/dependencies.rb:342:in `new_constants_in'
    D:/ruby/lib/ruby/gems/1.8/gems/activesupport-1.4.4/lib/active_support/dependencies.rb:202:in `load_file'
    D:/ruby/lib/ruby/gems/1.8/gems/activesupport-1.4.4/lib/active_support/dependencies.rb:94:in `require_or_load'
    D:/ruby/lib/ruby/gems/1.8/gems/activesupport-1.4.4/lib/active_support/dependencies.rb:248:in `load_missing_constant'
    D:/ruby/lib/ruby/gems/1.8/gems/activesupport-1.4.4/lib/active_support/dependencies.rb:452:in `const_missing'
    D:/ruby/lib/ruby/gems/1.8/gems/activesupport-1.4.4/lib/active_support/dependencies.rb:464:in `const_missing'
    D:/ruby/lib/ruby/gems/1.8/gems/activesupport-1.4.4/lib/active_support/inflector.rb:250:in `constantize'
    D:/ruby/lib/ruby/gems/1.8/gems/activesupport-1.4.4/lib/active_support/core_ext/string/inflections.rb:148:in `constantize'
    D:/ruby/lib/ruby/gems/1.8/gems/actionpack-1.13.5/lib/action_controller/routing.rb:1317:in `recognize'
    D:/ruby/lib/ruby/gems/1.8/gems/rails-1.2.5/lib/dispatcher.rb:40:in `dispatch'
    D:/ruby/lib/ruby/gems/1.8/gems/mongrel-1.0.1-mswin32/lib/mongrel/rails.rb:78:in `process'
    D:/ruby/lib/ruby/gems/1.8/gems/mongrel-1.0.1-mswin32/lib/mongrel/rails.rb:76:in `synchronize'
    D:/ruby/lib/ruby/gems/1.8/gems/mongrel-1.0.1-mswin32/lib/mongrel/rails.rb:76:in `process'
    D:/ruby/lib/ruby/gems/1.8/gems/mongrel-1.0.1-mswin32/lib/mongrel.rb:618:in `process_client'
    D:/ruby/lib/ruby/gems/1.8/gems/mongrel-1.0.1-mswin32/lib/mongrel.rb:617:in `each'
    D:/ruby/lib/ruby/gems/1.8/gems/mongrel-1.0.1-mswin32/lib/mongrel.rb:617:in `process_client'
    D:/ruby/lib/ruby/gems/1.8/gems/mongrel-1.0.1-mswin32/lib/mongrel.rb:736:in `run'
    D:/ruby/lib/ruby/gems/1.8/gems/mongrel-1.0.1-mswin32/lib/mongrel.rb:736:in `initialize'
    D:/ruby/lib/ruby/gems/1.8/gems/mongrel-1.0.1-mswin32/lib/mongrel.rb:736:in `new'
    D:/ruby/lib/ruby/gems/1.8/gems/mongrel-1.0.1-mswin32/lib/mongrel.rb:736:in `run'
    D:/ruby/lib/ruby/gems/1.8/gems/mongrel-1.0.1-mswin32/lib/mongrel.rb:720:in `initialize'
    D:/ruby/lib/ruby/gems/1.8/gems/mongrel-1.0.1-mswin32/lib/mongrel.rb:720:in `new'
    D:/ruby/lib/ruby/gems/1.8/gems/mongrel-1.0.1-mswin32/lib/mongrel.rb:720:in `run'
    D:/ruby/lib/ruby/gems/1.8/gems/mongrel-1.0.1-mswin32/lib/mongrel/configurator.rb:271:in `run'
    D:/ruby/lib/ruby/gems/1.8/gems/mongrel-1.0.1-mswin32/lib/mongrel/configurator.rb:270:in `each'
    D:/ruby/lib/ruby/gems/1.8/gems/mongrel-1.0.1-mswin32/lib/mongrel/configurator.rb:270:in `run'
    D:/ruby/lib/ruby/gems/1.8/gems/mongrel-1.0.1-mswin32/bin/mongrel_rails:127:in `run'
    D:/ruby/lib/ruby/gems/1.8/gems/mongrel-1.0.1-mswin32/lib/mongrel/command.rb:211:in `run'
    D:/ruby/lib/ruby/gems/1.8/gems/mongrel-1.0.1-mswin32/bin/mongrel_rails:243
    D:/ruby/bin/mongrel_rails:16:in `load'
    D:/ruby/bin/mongrel_rails:16


Rendering D:/ruby/lib/ruby/gems/1.8/gems/actionpack-1.13.5/lib/action_controller/templates/rescues/layout.rhtml (500 Internal Error)
